[2019-01-16 16:45:28,901][MainThread:4534191552][task_id:core.src][src.py:33][INFO][u01 log in successfully.]
[2019-01-16 16:59:38,585][MainThread:4498613696][task_id:core.src][src.py:33][INFO][None log in successfully.]
[2019-01-16 17:00:51,301][MainThread:4493538752][task_id:core.src][src.py:46][INFO][Log in successfully]
[2019-01-16 17:00:58,576][MainThread:4493538752][task_id:core.src][src.py:114][INFO][122 deposits $100, and $100 left]
[2019-01-16 17:01:05,811][MainThread:4493538752][task_id:core.src][src.py:121][INFO][122 spent $30, and $70 left]
[2019-01-16 17:01:11,479][MainThread:4493538752][task_id:core.src][src.py:123][WARNING][122 fails to spend $100, and $70 left]
[2019-01-16 17:01:26,451][MainThread:4493538752][task_id:core.src][src.py:33][INFO][122 log in successfully.]
[2019-01-16 17:01:30,705][MainThread:4493538752][task_id:core.src][src.py:121][INFO][u01 spent $100, and $2474 left]
[2019-01-16 17:05:38,641][MainThread:4622681536][task_id:core.src][src.py:46][INFO][Log in successfully]
[2019-01-16 17:05:42,621][MainThread:4622681536][task_id:core.src][src.py:118][INFO][uu2 deposits $200, and $200 left]
[2019-01-16 17:05:50,465][MainThread:4622681536][task_id:core.src][src.py:125][INFO][uu2 spent $10, and $190 left]
[2019-01-16 17:05:57,175][MainThread:4622681536][task_id:core.src][src.py:127][WARNING][uu2 fails to spend $200, and $190 left]
[2019-01-16 17:06:07,119][MainThread:4622681536][task_id:core.src][src.py:125][INFO][uu2 spent $140, and $50 left]
[2019-01-16 17:06:16,872][MainThread:4622681536][task_id:core.src][src.py:33][INFO][uu2 log in successfully.]
[2019-01-16 17:06:32,600][MainThread:4622681536][task_id:core.src][src.py:83][INFO][u01 bought book,and $2473 left]
[2019-01-16 17:06:39,106][MainThread:4622681536][task_id:core.src][src.py:83][INFO][u01 bought book,and $2463 left]
[2019-01-16 17:09:02,752][MainThread:4623390144][task_id:core.src][src.py:33][INFO][None log in successfully.]
[2019-01-16 17:10:25,667][MainThread:4615947712][task_id:core.src][src.py:33][INFO][None log in successfully.]
[2019-01-16 17:10:32,271][MainThread:4615947712][task_id:core.src][src.py:77][INFO][u01 bought book,and $2474 left]
[2019-01-16 17:12:23,078][MainThread:4422976960][task_id:core.src][src.py:46][INFO][Log in successfully]
[2019-01-16 17:12:27,614][MainThread:4422976960][task_id:core.src][src.py:120][INFO][u12 deposits $200, and $200 left]
[2019-01-16 17:12:32,578][MainThread:4422976960][task_id:core.src][src.py:127][INFO][u12 spent $30, and $170 left]
[2019-01-16 17:12:37,139][MainThread:4422976960][task_id:core.src][src.py:129][WARNING][u12 fails to spend $200, and $170 left]
[2019-01-16 17:12:42,942][MainThread:4422976960][task_id:core.src][src.py:127][INFO][u12 spent $130, and $40 left]
[2019-01-16 17:12:55,081][MainThread:4422976960][task_id:core.src][src.py:77][INFO][u12 bought book,and $30 left]
[2019-01-16 17:13:22,675][MainThread:4422976960][task_id:core.src][src.py:33][INFO][u12 log in successfully.]
[2019-01-16 17:13:25,907][MainThread:4422976960][task_id:core.src][src.py:120][INFO][u01 deposits $200, and $2674 left]
